This is pdfTeX, Version 3.141592653-2.6-1.40.25 (MiKTeX 23.5) (preloaded format=pdflatex 2023.6.2)  10 JUN 2023 02:08
entering extended mode
 restricted \write18 enabled.
 file:line:error style messages enabled.
 %&-line parsing enabled.
**c:/Users/shaik/Documents/mavlink/LaTeX/PSYCH207/psych207.tex
(c:/Users/shaik/Documents/mavlink/LaTeX/PSYCH207/psych207.tex
LaTeX2e <2022-11-01> patch level 1
L3 programming layer <2023-05-15> (C:\Users\shaik\AppData\Local\Programs\MiKTeX\tex/latex/base\article.cls
Document Class: article 2022/07/02 v1.4n Standard LaTeX document class
(C:\Users\shaik\AppData\Local\Programs\MiKTeX\tex/latex/base\size10.clo
File: size10.clo 2022/07/02 v1.4n Standard LaTeX file (size option)
)
\c@part=\count185
\c@section=\count186
\c@subsection=\count187
\c@subsubsection=\count188
\c@paragraph=\count189
\c@subparagraph=\count190
\c@figure=\count191
\c@table=\count192
\abovecaptionskip=\skip48
\belowcaptionskip=\skip49
\bibindent=\dimen140
) (C:\Users\shaik\AppData\Local\Programs\MiKTeX\tex/latex/geometry\geometry.sty
Package: geometry 2020/01/02 v5.9 Page Geometry
 (C:\Users\shaik\AppData\Local\Programs\MiKTeX\tex/latex/graphics\keyval.sty
Package: keyval 2022/05/29 v1.15 key=value parser (DPC)
\KV@toks@=\toks16
) (C:\Users\shaik\AppData\Local\Programs\MiKTeX\tex/generic/iftex\ifvtex.sty
Package: ifvtex 2019/10/25 v1.7 ifvtex legacy package. Use iftex instead.
 (C:\Users\shaik\AppData\Local\Programs\MiKTeX\tex/generic/iftex\iftex.sty
Package: iftex 2022/02/03 v1.0f TeX engine tests
))
\Gm@cnth=\count193
\Gm@cntv=\count194
\c@Gm@tempcnt=\count195
\Gm@bindingoffset=\dimen141
\Gm@wd@mp=\dimen142
\Gm@odd@mp=\dimen143
\Gm@even@mp=\dimen144
\Gm@layoutwidth=\dimen145
\Gm@layoutheight=\dimen146
\Gm@layouthoffset=\dimen147
\Gm@layoutvoffset=\dimen148
\Gm@dimlist=\toks17
 (C:\Users\shaik\AppData\Local\Programs\MiKTeX\tex/latex/geometry\geometry.cfg)) (C:\Users\shaik\AppData\Local\Programs\MiKTeX\tex/latex/base\fontenc.sty
Package: fontenc 2021/04/29 v2.0v Standard LaTeX package
) (C:\Users\shaik\AppData\Local\Programs\MiKTeX\tex/latex/ae\ae.sty
Package: ae 2001/02/12 1.3 Almost European Computer Modern
 (C:\Users\shaik\AppData\Local\Programs\MiKTeX\tex/latex/base\fontenc.sty
Package: fontenc 2021/04/29 v2.0v Standard LaTeX package
)) (C:\Users\shaik\AppData\Local\Programs\MiKTeX\tex/latex/ae\aecompl.sty
Package: aecompl 1998/07/23 0.9 T1 Complements for AE fonts (D. Roegel)
) (C:\Users\shaik\AppData\Local\Programs\MiKTeX\tex/latex/graphics\color.sty
Package: color 2022/01/06 v1.3d Standard LaTeX Color (DPC)
 (C:\Users\shaik\AppData\Local\Programs\MiKTeX\tex/latex/graphics-cfg\color.cfg
File: color.cfg 2016/01/02 v1.6 sample color configuration
)
Package color Info: Driver file: pdftex.def on input line 149.
 (C:\Users\shaik\AppData\Local\Programs\MiKTeX\tex/latex/graphics-def\pdftex.def
File: pdftex.def 2022/09/22 v1.2b Graphics/color driver for pdftex
) (C:\Users\shaik\AppData\Local\Programs\MiKTeX\tex/latex/graphics\mathcolor.ltx)) (C:\Users\shaik\AppData\Local\Programs\MiKTeX\tex/latex/hyperref\hyperref.sty
Package: hyperref 2023-04-22 v7.00x Hypertext links for LaTeX
 (C:\Users\shaik\AppData\Local\Programs\MiKTeX\tex/generic/ltxcmds\ltxcmds.sty
Package: ltxcmds 2020-05-10 v1.25 LaTeX kernel commands for general use (HO)
) (C:\Users\shaik\AppData\Local\Programs\MiKTeX\tex/generic/pdftexcmds\pdftexcmds.sty
Package: pdftexcmds 2020-06-27 v0.33 Utility functions of pdfTeX for LuaTeX (HO)
 (C:\Users\shaik\AppData\Local\Programs\MiKTeX\tex/generic/infwarerr\infwarerr.sty
Package: infwarerr 2019/12/03 v1.5 Providing info/warning/error messages (HO)
)
Package pdftexcmds Info: \pdf@primitive is available.
Package pdftexcmds Info: \pdf@ifprimitive is available.
Package pdftexcmds Info: \pdfdraftmode found.
) (C:\Users\shaik\AppData\Local\Programs\MiKTeX\tex/latex/kvsetkeys\kvsetkeys.sty
Package: kvsetkeys 2022-10-05 v1.19 Key value parser (HO)
) (C:\Users\shaik\AppData\Local\Programs\MiKTeX\tex/generic/kvdefinekeys\kvdefinekeys.sty
Package: kvdefinekeys 2019-12-19 v1.6 Define keys (HO)
) (C:\Users\shaik\AppData\Local\Programs\MiKTeX\tex/generic/pdfescape\pdfescape.sty
Package: pdfescape 2019/12/09 v1.15 Implements pdfTeX's escape features (HO)
) (C:\Users\shaik\AppData\Local\Programs\MiKTeX\tex/latex/hycolor\hycolor.sty
Package: hycolor 2020-01-27 v1.10 Color options for hyperref/bookmark (HO)
) (C:\Users\shaik\AppData\Local\Programs\MiKTeX\tex/latex/letltxmacro\letltxmacro.sty
Package: letltxmacro 2019/12/03 v1.6 Let assignment for LaTeX macros (HO)
) (C:\Users\shaik\AppData\Local\Programs\MiKTeX\tex/latex/auxhook\auxhook.sty
Package: auxhook 2019-12-17 v1.6 Hooks for auxiliary files (HO)
) (C:\Users\shaik\AppData\Local\Programs\MiKTeX\tex/latex/hyperref\nameref.sty
Package: nameref 2022-05-17 v2.50 Cross-referencing by name of section
 (C:\Users\shaik\AppData\Local\Programs\MiKTeX\tex/latex/refcount\refcount.sty
Package: refcount 2019/12/15 v3.6 Data extraction from label references (HO)
) (C:\Users\shaik\AppData\Local\Programs\MiKTeX\tex/generic/gettitlestring\gettitlestring.sty
Package: gettitlestring 2019/12/15 v1.6 Cleanup title references (HO)
 (C:\Users\shaik\AppData\Local\Programs\MiKTeX\tex/latex/kvoptions\kvoptions.sty
Package: kvoptions 2022-06-15 v3.15 Key value format for package options (HO)
))
\c@section@level=\count196
) (C:\Users\shaik\AppData\Local\Programs\MiKTeX\tex/latex/etoolbox\etoolbox.sty
Package: etoolbox 2020/10/05 v2.5k e-TeX tools for LaTeX (JAW)
\etb@tempcnta=\count197
)
\@linkdim=\dimen149
\Hy@linkcounter=\count198
\Hy@pagecounter=\count199
 (C:\Users\shaik\AppData\Local\Programs\MiKTeX\tex/latex/hyperref\pd1enc.def
File: pd1enc.def 2023-04-22 v7.00x Hyperref: PDFDocEncoding definition (HO)
Now handling font encoding PD1 ...
... no UTF-8 mapping file for font encoding PD1
) (C:\Users\shaik\AppData\Local\Programs\MiKTeX\tex/generic/intcalc\intcalc.sty
Package: intcalc 2019/12/15 v1.3 Expandable calculations with integers (HO)
)
\Hy@SavedSpaceFactor=\count266
 (C:\Users\shaik\AppData\Local\Programs\MiKTeX\tex/latex/hyperref\puenc.def
File: puenc.def 2023-04-22 v7.00x Hyperref: PDF Unicode definition (HO)
Now handling font encoding PU ...
... no UTF-8 mapping file for font encoding PU
)
Package hyperref Info: Hyper figures OFF on input line 4182.
Package hyperref Info: Link nesting OFF on input line 4187.
Package hyperref Info: Hyper index ON on input line 4190.
Package hyperref Info: Plain pages OFF on input line 4197.
Package hyperref Info: Backreferencing OFF on input line 4202.
Package hyperref Info: Implicit mode ON; LaTeX internals redefined.
Package hyperref Info: Bookmarks ON on input line 4449.
\c@Hy@tempcnt=\count267
 (C:\Users\shaik\AppData\Local\Programs\MiKTeX\tex/latex/url\url.sty
\Urlmuskip=\muskip16
Package: url 2013/09/16  ver 3.4  Verb mode for urls, etc.
)
LaTeX Info: Redefining \url on input line 4787.
\XeTeXLinkMargin=\dimen150
 (C:\Users\shaik\AppData\Local\Programs\MiKTeX\tex/generic/bitset\bitset.sty
Package: bitset 2019/12/09 v1.3 Handle bit-vector datatype (HO)
 (C:\Users\shaik\AppData\Local\Programs\MiKTeX\tex/generic/bigintcalc\bigintcalc.sty
Package: bigintcalc 2019/12/15 v1.5 Expandable calculations on big integers (HO)
))
\Fld@menulength=\count268
\Field@Width=\dimen151
\Fld@charsize=\dimen152
Package hyperref Info: Hyper figures OFF on input line 6066.
Package hyperref Info: Link nesting OFF on input line 6071.
Package hyperref Info: Hyper index ON on input line 6074.
Package hyperref Info: backreferencing OFF on input line 6081.
Package hyperref Info: Link coloring OFF on input line 6086.
Package hyperref Info: Link coloring with OCG OFF on input line 6091.
Package hyperref Info: PDF/A mode OFF on input line 6096.
 (C:\Users\shaik\AppData\Local\Programs\MiKTeX\tex/latex/base\atbegshi-ltx.sty
Package: atbegshi-ltx 2021/01/10 v1.0c Emulation of the original atbegshi
package with kernel methods
)
\Hy@abspage=\count269
\c@Item=\count270
\c@Hfootnote=\count271
)
Package hyperref Info: Driver: hpdftex.
 (C:\Users\shaik\AppData\Local\Programs\MiKTeX\tex/latex/hyperref\hpdftex.def
File: hpdftex.def 2023-04-22 v7.00x Hyperref driver for pdfTeX
 (C:\Users\shaik\AppData\Local\Programs\MiKTeX\tex/latex/base\atveryend-ltx.sty
Package: atveryend-ltx 2020/08/19 v1.0a Emulation of the original atveryend package
with kernel methods
)
\Fld@listcount=\count272
\c@bookmark@seq@number=\count273
 (C:\Users\shaik\AppData\Local\Programs\MiKTeX\tex/latex/rerunfilecheck\rerunfilecheck.sty
Package: rerunfilecheck 2022-07-10 v1.10 Rerun checks for auxiliary files (HO)
 (C:\Users\shaik\AppData\Local\Programs\MiKTeX\tex/generic/uniquecounter\uniquecounter.sty
Package: uniquecounter 2019/12/15 v1.4 Provide unlimited unique counter (HO)
)
Package uniquecounter Info: New unique counter `rerunfilecheck' on input line 285.
)
\Hy@SectionHShift=\skip50
)
Package hyperref Info: Option `colorlinks' set `true' on input line 22.
LaTeX Font Info:    Trying to load font information for T1+aer on input line 31.
 (C:\Users\shaik\AppData\Local\Programs\MiKTeX\tex/latex/ae\t1aer.fd
File: t1aer.fd 1997/11/16 Font definitions for T1/aer.
) (C:\Users\shaik\AppData\Local\Programs\MiKTeX\tex/latex/l3backend\l3backend-pdftex.def
File: l3backend-pdftex.def 2023-04-19 L3 backend support: PDF output (pdfTeX)
\l__color_backend_stack_int=\count274
\l__pdf_internal_box=\box51
) (psych207.aux)
\openout1 = `psych207.aux'.

LaTeX Font Info:    Checking defaults for OML/cmm/m/it on input line 31.
LaTeX Font Info:    ... okay on input line 31.
LaTeX Font Info:    Checking defaults for OMS/cmsy/m/n on input line 31.
LaTeX Font Info:    ... okay on input line 31.
LaTeX Font Info:    Checking defaults for OT1/cmr/m/n on input line 31.
LaTeX Font Info:    ... okay on input line 31.
LaTeX Font Info:    Checking defaults for T1/cmr/m/n on input line 31.
LaTeX Font Info:    ... okay on input line 31.
LaTeX Font Info:    Checking defaults for TS1/cmr/m/n on input line 31.
LaTeX Font Info:    ... okay on input line 31.
LaTeX Font Info:    Checking defaults for OMX/cmex/m/n on input line 31.
LaTeX Font Info:    ... okay on input line 31.
LaTeX Font Info:    Checking defaults for U/cmr/m/n on input line 31.
LaTeX Font Info:    ... okay on input line 31.
LaTeX Font Info:    Checking defaults for PD1/pdf/m/n on input line 31.
LaTeX Font Info:    ... okay on input line 31.
LaTeX Font Info:    Checking defaults for PU/pdf/m/n on input line 31.
LaTeX Font Info:    ... okay on input line 31.

*geometry* driver: auto-detecting
*geometry* detected driver: pdftex
*geometry* verbose mode - [ preamble ] result:
* driver: pdftex
* paper: <default>
* layout: <same size as paper>
* layoutoffset:(h,v)=(0.0pt,0.0pt)
* modes: 
* h-part:(L,W,R)=(72.26999pt, 469.75502pt, 72.26999pt)
* v-part:(T,H,B)=(72.26999pt, 650.43001pt, 72.26999pt)
* \paperwidth=614.295pt
* \paperheight=794.96999pt
* \textwidth=469.75502pt
* \textheight=650.43001pt
* \oddsidemargin=0.0pt
* \evensidemargin=0.0pt
* \topmargin=-37.0pt
* \headheight=12.0pt
* \headsep=25.0pt
* \topskip=10.0pt
* \footskip=30.0pt
* \marginparwidth=108.405pt
* \marginparsep=11.0pt
* \columnsep=10.0pt
* \skip\footins=9.0pt plus 4.0pt minus 2.0pt
* \hoffset=0.0pt
* \voffset=0.0pt
* \mag=1000
* \@twocolumnfalse
* \@twosidefalse
* \@mparswitchfalse
* \@reversemarginfalse
* (1in=72.27pt=25.4mm, 1cm=28.453pt)

(C:\Users\shaik\AppData\Local\Programs\MiKTeX\tex/context/base/mkii\supp-pdf.mkii
[Loading MPS to PDF converter (version 2006.09.02).]
\scratchcounter=\count275
\scratchdimen=\dimen153
\scratchbox=\box52
\nofMPsegments=\count276
\nofMParguments=\count277
\everyMPshowfont=\toks18
\MPscratchCnt=\count278
\MPscratchDim=\dimen154
\MPnumerator=\count279
\makeMPintoPDFobject=\count280
\everyMPtoPDFconversion=\toks19
)
Package hyperref Info: Link coloring ON on input line 31.
 (psych207.out) (psych207.out)
\@outlinefile=\write3
\openout3 = `psych207.out'.

LaTeX Font Info:    External font `cmex10' loaded for size
(Font)              <12> on input line 45.
LaTeX Font Info:    External font `cmex10' loaded for size
(Font)              <8> on input line 45.
LaTeX Font Info:    External font `cmex10' loaded for size
(Font)              <6> on input line 45.
 [1

{C:/Users/shaik/AppData/Local/MiKTeX/fonts/map/pdftex/pdftex.map}] (psych207.toc
LaTeX Font Info:    External font `cmex10' loaded for size
(Font)              <7> on input line 2.
LaTeX Font Info:    External font `cmex10' loaded for size
(Font)              <5> on input line 2.
 [2] [3])
\tf@toc=\write4
\openout4 = `psych207.toc'.

 [4]
Underfull \hbox (badness 10000) in paragraph at lines 51--54

 []


Underfull \hbox (badness 10000) in paragraph at lines 59--66

 []


Underfull \hbox (badness 10000) in paragraph at lines 59--66

 []


Underfull \hbox (badness 10000) in paragraph at lines 59--66

 []


Underfull \hbox (badness 10000) in paragraph at lines 68--71

 []

LaTeX Font Info:    Trying to load font information for TS1+aer on input line 77.
LaTeX Font Info:    No file TS1aer.fd. on input line 77.

LaTeX Font Warning: Font shape `TS1/aer/m/n' undefined
(Font)              using `TS1/cmr/m/n' instead
(Font)              for symbol `textbullet' on input line 77.

[5] [6] [7] [8]
Underfull \hbox (badness 10000) in paragraph at lines 245--248

 []


Underfull \hbox (badness 10000) in paragraph at lines 249--252

 []

[9]
Underfull \hbox (badness 10000) in paragraph at lines 297--300

 []

[10]
Underfull \hbox (badness 10000) in paragraph at lines 318--323

 []


Underfull \hbox (badness 10000) in paragraph at lines 318--323

 []


Underfull \hbox (badness 10000) in paragraph at lines 324--329

 []


Underfull \hbox (badness 10000) in paragraph at lines 324--329

 []

[11] [12] [13] [14] [15] [16] [17] [18]
Overfull \hbox (6.98947pt too wide) in paragraph at lines 581--582
[]\T1/aer/m/n/10 We have a sen-sory store for \T1/aer/m/it/10 each \T1/aer/m/n/10 modal-ity (1 sec-ond for iconic/visual and 4-5 sec-onds for echoic/auditory). 
 []

[19] [20] [21] [22] [23] [24] [25] [26] [27] [28] [29] [30] [31]
Overfull \hbox (0.92317pt too wide) in paragraph at lines 999--1000
[]\T1/aer/b/n/10 Perceptual equiv-a-lence\T1/aer/m/n/10 : im-agery ac-ti-vates sim-i-lar sys-tems as per-cep-tion does (al-though not as strongly). 
 []

[32] [33] [34] [35] [36] [37] [38] [39] [40] [41] [42] [43] [44] (psych207.aux)

LaTeX Font Warning: Some font shapes were not available, defaults substituted.

Package rerunfilecheck Info: File `psych207.out' has not changed.
(rerunfilecheck)             Checksum: E38FD47ED39B73E986C3855C97C1AF33;23237.
 ) 
Here is how much of TeX's memory you used:
 9325 strings out of 476411
 147535 string characters out of 5789135
 1871845 words of memory out of 5000000
 29382 multiletter control sequences out of 15000+600000
 539213 words of font info for 77 fonts, out of 8000000 for 9000
 1141 hyphenation exceptions out of 8191
 75i,6n,76p,867b,574s stack positions out of 10000i,1000n,20000p,200000b,200000s
 <C:\Users\shaik\AppData\Local\MiKTeX\fonts/pk/ljfour/jknappen/ec/dpi600\tcrm1000.pk><C:/Users/shaik/AppData/Local/Programs/MiKTeX/fonts/type1/public/amsfonts/cm/cmb10.pfb><C:/Users/shaik/AppData/Local/Programs/MiKTeX/fonts/type1/public/amsfonts/cm/cmmi10.pfb><C:/Users/shaik/AppData/Local/Programs/MiKTeX/fonts/type1/public/amsfonts/cm/cmr10.pfb><C:/Users/shaik/AppData/Local/Programs/MiKTeX/fonts/type1/public/amsfonts/cm/cmr12.pfb><C:/Users/shaik/AppData/Local/Programs/MiKTeX/fonts/type1/public/amsfonts/cm/cmr8.pfb><C:/Users/shaik/AppData/Local/Programs/MiKTeX/fonts/type1/public/amsfonts/cm/cmsy10.pfb><C:/Users/shaik/AppData/Local/Programs/MiKTeX/fonts/type1/public/amsfonts/cm/cmsy8.pfb><C:/Users/shaik/AppData/Local/Programs/MiKTeX/fonts/type1/public/amsfonts/cm/cmti10.pfb>
Output written on psych207.pdf (44 pages, 358448 bytes).
PDF statistics:
 937 PDF objects out of 1000 (max. 8388607)
 184 named destinations out of 1000 (max. 500000)
 1041 words of extra memory for PDF output out of 10000 (max. 10000000)

