\BOOKMARK [1][-]{section.1}{\376\377\000I\000n\000t\000r\000o\000d\000u\000c\000t\000i\000o\000n\000\040\000\046\000\040\000C\000o\000u\000r\000s\000e\000\040\000S\000t\000r\000u\000c\000t\000u\000r\000e}{}% 1
\BOOKMARK [2][-]{subsection.1.1}{\376\377\000C\000o\000u\000r\000s\000e\000\040\000S\000t\000r\000u\000c\000t\000u\000r\000e}{section.1}% 2
\BOOKMARK [2][-]{subsection.1.2}{\376\377\000I\000n\000t\000r\000o\000d\000u\000c\000t\000i\000o\000n\000\040\000t\000o\000\040\000C\000o\000g\000n\000i\000t\000i\000v\000e\000\040\000P\000r\000o\000c\000e\000s\000s\000e\000s}{section.1}% 3
\BOOKMARK [1][-]{section.2}{\376\377\000H\000i\000s\000t\000o\000r\000i\000c\000a\000l\000\040\000O\000v\000e\000r\000v\000i\000e\000w\000\040\000\046\000\040\000A\000p\000p\000r\000o\000a\000c\000h\000e\000s}{}% 4
\BOOKMARK [2][-]{subsection.2.1}{\376\377\000A\000n\000t\000e\000c\000e\000d\000e\000n\000t\000\040\000P\000h\000i\000l\000o\000s\000o\000p\000h\000i\000e\000s\000\040\000a\000n\000d\000\040\000T\000r\000a\000d\000i\000t\000i\000o\000n\000s}{section.2}% 5
\BOOKMARK [3][-]{subsubsection.2.1.1}{\376\377\000E\000m\000p\000i\000r\000i\000c\000i\000s\000m}{subsection.2.1}% 6
\BOOKMARK [3][-]{subsubsection.2.1.2}{\376\377\000N\000a\000t\000i\000v\000i\000s\000m}{subsection.2.1}% 7
\BOOKMARK [3][-]{subsubsection.2.1.3}{\376\377\000S\000t\000r\000u\000c\000t\000u\000r\000a\000l\000i\000s\000m}{subsection.2.1}% 8
\BOOKMARK [3][-]{subsubsection.2.1.4}{\376\377\000F\000u\000n\000c\000t\000i\000o\000n\000a\000l\000i\000s\000m}{subsection.2.1}% 9
\BOOKMARK [3][-]{subsubsection.2.1.5}{\376\377\000B\000e\000h\000a\000v\000i\000o\000r\000i\000s\000m}{subsection.2.1}% 10
\BOOKMARK [3][-]{subsubsection.2.1.6}{\376\377\000G\000e\000s\000t\000a\000l\000t\000\040\000P\000s\000y\000c\000h\000o\000l\000o\000g\000y}{subsection.2.1}% 11
\BOOKMARK [3][-]{subsubsection.2.1.7}{\376\377\000I\000n\000d\000i\000v\000i\000d\000u\000a\000l\000\040\000D\000i\000f\000f\000e\000r\000e\000n\000c\000e\000s}{subsection.2.1}% 12
\BOOKMARK [2][-]{subsection.2.2}{\376\377\000T\000h\000e\000\040\000C\000o\000g\000n\000i\000t\000i\000v\000e\000\040\000R\000e\000v\000o\000l\000u\000t\000i\000o\000n}{section.2}% 13
\BOOKMARK [3][-]{subsubsection.2.2.1}{\376\377\000H\000u\000m\000a\000n\000\040\000f\000a\000c\000t\000o\000r\000s\000\040\000e\000n\000g\000i\000n\000e\000e\000r\000i\000n\000g\000\040\000p\000r\000e\000s\000e\000n\000t\000e\000d\000\040\000n\000e\000w\000\040\000p\000r\000o\000b\000l\000e\000m\000s}{subsection.2.2}% 14
\BOOKMARK [3][-]{subsubsection.2.2.2}{\376\377\000B\000e\000h\000a\000v\000i\000o\000r\000i\000s\000m\000\040\000f\000a\000i\000l\000e\000d\000\040\000t\000o\000\040\000a\000d\000e\000q\000u\000a\000t\000e\000l\000y\000\040\000e\000x\000p\000l\000a\000i\000n\000\040\000l\000a\000n\000g\000u\000a\000g\000e}{subsection.2.2}% 15
\BOOKMARK [3][-]{subsubsection.2.2.3}{\376\377\000L\000o\000c\000a\000l\000i\000z\000a\000t\000i\000o\000n\000\040\000o\000f\000\040\000f\000u\000n\000c\000t\000i\000o\000n\000s\000\040\000i\000n\000\040\000t\000h\000e\000\040\000b\000r\000a\000i\000n\000\040\000f\000o\000r\000c\000e\000d\000\040\000d\000i\000s\000c\000u\000s\000s\000i\000o\000n\000\040\000o\000f\000\040\000m\000i\000n\000d}{subsection.2.2}% 16
\BOOKMARK [3][-]{subsubsection.2.2.4}{\376\377\000D\000e\000v\000e\000l\000o\000p\000m\000e\000n\000t\000\040\000o\000f\000\040\000c\000o\000m\000p\000u\000t\000e\000r\000s\000\040\000a\000n\000d\000\040\000a\000r\000t\000i\000f\000i\000c\000i\000a\000l\000\040\000i\000n\000t\000e\000l\000l\000i\000g\000e\000n\000c\000e\000\040\000g\000a\000v\000e\000\040\000a\000\040\000d\000o\000m\000i\000n\000a\000n\000t\000\040\000m\000e\000t\000a\000p\000h\000o\000r}{subsection.2.2}% 17
\BOOKMARK [2][-]{subsection.2.3}{\376\377\000P\000a\000r\000a\000d\000i\000g\000m\000s\000\040\000o\000f\000\040\000C\000o\000g\000n\000i\000t\000i\000v\000e\000\040\000P\000s\000y\000c\000h\000o\000l\000o\000g\000y}{section.2}% 18
\BOOKMARK [3][-]{subsubsection.2.3.1}{\376\377\000L\000o\000c\000a\000l\000i\000s\000t\000\040\000m\000o\000d\000e\000l\000s}{subsection.2.3}% 19
\BOOKMARK [3][-]{subsubsection.2.3.2}{\376\377\000C\000o\000n\000n\000e\000c\000t\000i\000o\000n\000i\000s\000m\000\040\040\023\000\040\000N\000e\000u\000r\000a\000l\000\040\000n\000e\000t\000w\000o\000r\000k\000\040\000m\000o\000d\000e\000l\000s}{subsection.2.3}% 20
\BOOKMARK [2][-]{subsection.2.4}{\376\377\000M\000a\000j\000o\000r\000\040\000A\000s\000s\000u\000m\000p\000t\000i\000o\000n\000s\000\040\000o\000f\000\040\000A\000p\000p\000r\000o\000a\000c\000h\000e\000s}{section.2}% 21
\BOOKMARK [2][-]{subsection.2.5}{\376\377\000O\000t\000h\000e\000r\000\040\000A\000p\000p\000r\000o\000a\000c\000h\000e\000s}{section.2}% 22
\BOOKMARK [3][-]{subsubsection.2.5.1}{\376\377\000T\000h\000e\000\040\000E\000v\000o\000l\000u\000t\000i\000o\000n\000a\000r\000y\000\040\000A\000p\000p\000r\000o\000a\000c\000h}{subsection.2.5}% 23
\BOOKMARK [3][-]{subsubsection.2.5.2}{\376\377\000T\000h\000e\000\040\000E\000c\000o\000l\000o\000g\000i\000c\000a\000l\000\040\000A\000p\000p\000r\000o\000a\000c\000h}{subsection.2.5}% 24
\BOOKMARK [1][-]{section.3}{\376\377\000T\000h\000e\000\040\000B\000r\000a\000i\000n}{}% 25
\BOOKMARK [2][-]{subsection.3.1}{\376\377\000D\000e\000p\000e\000n\000d\000e\000n\000t\000\040\000M\000e\000a\000s\000u\000r\000e\000s\000\040\000o\000f\000\040\000B\000e\000h\000a\000v\000i\000o\000r}{section.3}% 26
\BOOKMARK [3][-]{subsubsection.3.1.1}{\376\377\000M\000o\000d\000i\000f\000i\000e\000d\000/\000D\000a\000m\000a\000g\000e\000d\000\040\000B\000r\000a\000i\000n\000s}{subsection.3.1}% 27
\BOOKMARK [3][-]{subsubsection.3.1.2}{\376\377\000H\000u\000m\000a\000n\000\040\000B\000r\000a\000i\000n\000\040\000L\000e\000s\000i\000o\000n\000s}{subsection.3.1}% 28
\BOOKMARK [3][-]{subsubsection.3.1.3}{\376\377\000B\000r\000a\000i\000n\000\040\000P\000r\000o\000c\000e\000s\000s\000i\000n\000g}{subsection.3.1}% 29
\BOOKMARK [2][-]{subsection.3.2}{\376\377\000S\000t\000r\000u\000c\000t\000u\000r\000e\000\040\000o\000f\000\040\000t\000h\000e\000\040\000B\000r\000a\000i\000n}{section.3}% 30
\BOOKMARK [3][-]{subsubsection.3.2.1}{\376\377\000B\000r\000a\000i\000n\000\040\000P\000l\000a\000n\000e\000s}{subsection.3.2}% 31
\BOOKMARK [3][-]{subsubsection.3.2.2}{\376\377\000B\000r\000a\000i\000n\000\040\000R\000e\000g\000i\000o\000n\000s}{subsection.3.2}% 32
\BOOKMARK [3][-]{subsubsection.3.2.3}{\376\377\000L\000o\000b\000e\000s\000\040\000o\000f\000\040\000t\000h\000e\000\040\000B\000r\000a\000i\000n}{subsection.3.2}% 33
\BOOKMARK [2][-]{subsection.3.3}{\376\377\000L\000o\000c\000a\000l\000i\000z\000a\000t\000i\000o\000n\000\040\000o\000f\000\040\000F\000u\000n\000c\000t\000i\000o\000n}{section.3}% 34
\BOOKMARK [3][-]{subsubsection.3.3.1}{\376\377\000F\000a\000u\000l\000t\000y\000\040\000A\000s\000s\000u\000m\000p\000t\000i\000o\000n\000s}{subsection.3.3}% 35
\BOOKMARK [3][-]{subsubsection.3.3.2}{\376\377\000L\000o\000c\000a\000l\000i\000z\000a\000t\000i\000o\000n\000\040\000o\000f\000\040\000L\000a\000n\000g\000u\000a\000g\000e\000\040\000\050\000D\000o\000u\000b\000l\000e\000\040\000D\000i\000s\000s\000o\000c\000i\000a\000t\000i\000o\000n\000s\000\051}{subsection.3.3}% 36
\BOOKMARK [2][-]{subsection.3.4}{\376\377\000B\000r\000a\000i\000n\000\040\000I\000m\000a\000g\000i\000n\000g\000\040\000T\000e\000c\000h\000n\000i\000q\000u\000e\000s}{section.3}% 37
\BOOKMARK [3][-]{subsubsection.3.4.1}{\376\377\000F\000u\000n\000c\000t\000i\000o\000n\000a\000l\000\040\000N\000e\000u\000r\000o\000i\000m\000a\000g\000i\000n\000g}{subsection.3.4}% 38
\BOOKMARK [3][-]{subsubsection.3.4.2}{\376\377\000C\000e\000r\000e\000b\000r\000a\000l\000\040\000B\000l\000o\000o\000d\000\040\000S\000u\000p\000p\000l\000y}{subsection.3.4}% 39
\BOOKMARK [1][-]{section.4}{\376\377\000P\000e\000r\000c\000e\000p\000t\000i\000o\000n}{}% 40
\BOOKMARK [2][-]{subsection.4.1}{\376\377\000B\000o\000t\000t\000o\000m\000-\000U\000p\000\040\000P\000r\000o\000c\000e\000s\000s\000e\000s}{section.4}% 41
\BOOKMARK [3][-]{subsubsection.4.1.1}{\376\377\000T\000e\000m\000p\000l\000a\000t\000e\000\040\000M\000a\000t\000c\000h\000i\000n\000g}{subsection.4.1}% 42
\BOOKMARK [3][-]{subsubsection.4.1.2}{\376\377\000F\000e\000a\000t\000u\000r\000e\000\040\000A\000n\000a\000l\000y\000s\000i\000s}{subsection.4.1}% 43
\BOOKMARK [3][-]{subsubsection.4.1.3}{\376\377\000P\000r\000o\000t\000o\000t\000y\000p\000e\000\040\000M\000a\000t\000c\000h\000i\000n\000g}{subsection.4.1}% 44
\BOOKMARK [2][-]{subsection.4.2}{\376\377\000T\000o\000p\000-\000D\000o\000w\000n\000\040\000P\000r\000o\000c\000e\000s\000s\000e\000s}{section.4}% 45
\BOOKMARK [3][-]{subsubsection.4.2.1}{\376\377\000C\000o\000n\000t\000e\000x\000t\000\040\000E\000f\000f\000e\000c\000t}{subsection.4.2}% 46
\BOOKMARK [3][-]{subsubsection.4.2.2}{\376\377\000C\000h\000a\000n\000g\000e\000\040\000B\000l\000i\000n\000d\000n\000e\000s\000s}{subsection.4.2}% 47
\BOOKMARK [2][-]{subsection.4.3}{\376\377\000O\000t\000h\000e\000r\000\040\000V\000i\000e\000w\000s\000\040\000o\000f\000\040\000P\000e\000r\000c\000e\000p\000t\000i\000o\000n}{section.4}% 48
\BOOKMARK [3][-]{subsubsection.4.3.1}{\376\377\000G\000e\000s\000t\000a\000l\000t\000\040\000A\000p\000p\000r\000o\000a\000c\000h\000e\000s}{subsection.4.3}% 49
\BOOKMARK [3][-]{subsubsection.4.3.2}{\376\377\000N\000e\000u\000r\000o\000p\000s\000y\000c\000h\000o\000l\000o\000g\000y}{subsection.4.3}% 50
\BOOKMARK [3][-]{subsubsection.4.3.3}{\376\377\000V\000i\000s\000u\000a\000l\000\040\000A\000g\000n\000o\000s\000i\000a}{subsection.4.3}% 51
\BOOKMARK [3][-]{subsubsection.4.3.4}{\376\377\000C\000a\000p\000g\000r\000a\000s\000\040\000S\000y\000n\000d\000r\000o\000m\000e}{subsection.4.3}% 52
\BOOKMARK [1][-]{section.5}{\376\377\000A\000t\000t\000e\000n\000t\000i\000o\000n}{}% 53
\BOOKMARK [2][-]{subsection.5.1}{\376\377\000S\000e\000l\000e\000c\000t\000i\000v\000e\000\040\000A\000t\000t\000e\000n\000t\000i\000o\000n}{section.5}% 54
\BOOKMARK [3][-]{subsubsection.5.1.1}{\376\377\000E\000a\000r\000l\000y\000\040\000S\000e\000l\000e\000c\000t\000i\000o\000n}{subsection.5.1}% 55
\BOOKMARK [3][-]{subsubsection.5.1.2}{\376\377\000L\000a\000t\000e\000\040\000S\000e\000l\000e\000c\000t\000i\000o\000n}{subsection.5.1}% 56
\BOOKMARK [2][-]{subsection.5.2}{\376\377\000A\000u\000t\000o\000m\000a\000t\000i\000c\000i\000t\000y}{section.5}% 57
\BOOKMARK [2][-]{subsection.5.3}{\376\377\000D\000i\000s\000o\000r\000d\000e\000r\000s\000\040\000o\000f\000\040\000A\000t\000t\000e\000n\000t\000i\000o\000n}{section.5}% 58
\BOOKMARK [2][-]{subsection.5.4}{\376\377\000A\000t\000t\000e\000n\000t\000i\000o\000n\000\040\000i\000n\000\040\000t\000h\000e\000\040\000R\000e\000a\000l\000\040\000W\000o\000r\000l\000d}{section.5}% 59
\BOOKMARK [1][-]{section.6}{\376\377\000M\000e\000m\000o\000r\000y\000\040\000S\000t\000r\000u\000c\000t\000u\000r\000e\000s}{}% 60
\BOOKMARK [2][-]{subsection.6.1}{\376\377\000S\000e\000n\000s\000o\000r\000y\000\040\000M\000e\000m\000o\000r\000y}{section.6}% 61
\BOOKMARK [2][-]{subsection.6.2}{\376\377\000S\000h\000o\000r\000t\000-\000T\000e\000r\000m\000\040\000M\000e\000m\000o\000r\000y}{section.6}% 62
\BOOKMARK [3][-]{subsubsection.6.2.1}{\376\377\000F\000o\000r\000g\000e\000t\000t\000i\000n\000g\000\040\000i\000n\000\040\000S\000h\000o\000r\000t\000-\000T\000e\000r\000m\000\040\000M\000e\000m\000o\000r\000y}{subsection.6.2}% 63
\BOOKMARK [2][-]{subsection.6.3}{\376\377\000W\000o\000r\000k\000i\000n\000g\000\040\000M\000e\000m\000o\000r\000y}{section.6}% 64
\BOOKMARK [2][-]{subsection.6.4}{\376\377\000L\000o\000n\000g\000-\000T\000e\000r\000m\000\040\000M\000e\000m\000o\000r\000y}{section.6}% 65
\BOOKMARK [1][-]{section.7}{\376\377\000M\000e\000m\000o\000r\000y\000\040\000P\000r\000o\000c\000e\000s\000s\000e\000s}{}% 66
\BOOKMARK [2][-]{subsection.7.1}{\376\377\000R\000e\000c\000o\000n\000s\000t\000r\000u\000c\000t\000i\000v\000e\000\040\000N\000a\000t\000u\000r\000e\000\040\000o\000f\000\040\000M\000e\000m\000o\000r\000y}{section.7}% 67
\BOOKMARK [2][-]{subsection.7.2}{\376\377\000A\000m\000n\000e\000s\000i\000a}{section.7}% 68
\BOOKMARK [2][-]{subsection.7.3}{\376\377\000M\000o\000d\000e\000l\000s\000\040\000o\000f\000\040\000S\000e\000m\000a\000n\000t\000i\000c\000\040\000M\000e\000m\000o\000r\000y}{section.7}% 69
\BOOKMARK [2][-]{subsection.7.4}{\376\377\000M\000e\000m\000o\000r\000y\000\040\000\046\000\040\000S\000t\000u\000d\000y\000i\000n\000g}{section.7}% 70
\BOOKMARK [1][-]{section.8}{\376\377\000C\000o\000n\000c\000e\000p\000t\000s\000\040\000\046\000\040\000C\000a\000t\000e\000g\000o\000r\000i\000z\000a\000t\000i\000o\000n}{}% 71
\BOOKMARK [2][-]{subsection.8.1}{\376\377\000D\000e\000f\000i\000n\000i\000t\000i\000o\000n\000s}{section.8}% 72
\BOOKMARK [2][-]{subsection.8.2}{\376\377\000F\000u\000n\000c\000t\000i\000o\000n\000s\000\040\000o\000f\000\040\000C\000a\000t\000e\000g\000o\000r\000i\000z\000a\000t\000i\000o\000n}{section.8}% 73
\BOOKMARK [2][-]{subsection.8.3}{\376\377\000C\000l\000a\000s\000s\000i\000c\000a\000l\000\040\000V\000i\000e\000w}{section.8}% 74
\BOOKMARK [3][-]{subsubsection.8.3.1}{\376\377\000P\000r\000o\000b\000l\000e\000m\000s\000\040\000w\000i\000t\000h\000\040\000t\000h\000e\000\040\000C\000l\000a\000s\000s\000i\000c\000a\000l\000\040\000V\000i\000e\000w}{subsection.8.3}% 75
\BOOKMARK [2][-]{subsection.8.4}{\376\377\000P\000r\000o\000t\000o\000t\000y\000p\000e\000\040\000V\000i\000e\000w}{section.8}% 76
\BOOKMARK [3][-]{subsubsection.8.4.1}{\376\377\000P\000r\000o\000b\000l\000e\000m\000s\000\040\000w\000i\000t\000h\000\040\000t\000h\000e\000\040\000P\000r\000o\000t\000o\000t\000y\000p\000e\000\040\000V\000i\000e\000w}{subsection.8.4}% 77
\BOOKMARK [2][-]{subsection.8.5}{\376\377\000T\000h\000e\000\040\000E\000x\000e\000m\000p\000l\000a\000r\000\040\000V\000i\000e\000w}{section.8}% 78
\BOOKMARK [3][-]{subsubsection.8.5.1}{\376\377\000P\000r\000o\000b\000l\000e\000m\000s\000\040\000w\000i\000t\000h\000\040\000t\000h\000e\000\040\000E\000x\000e\000m\000p\000l\000a\000r\000\040\000V\000i\000e\000w}{subsection.8.5}% 79
\BOOKMARK [2][-]{subsection.8.6}{\376\377\000T\000h\000e\000\040\000S\000c\000h\000e\000m\000a\000t\000a\000\040\000V\000i\000e\000w}{section.8}% 80
\BOOKMARK [3][-]{subsubsection.8.6.1}{\376\377\000P\000r\000o\000b\000l\000e\000m\000s\000\040\000w\000i\000t\000h\000\040\000t\000h\000e\000\040\000S\000c\000h\000e\000m\000a\000t\000a\000\040\000V\000i\000e\000w}{subsection.8.6}% 81
\BOOKMARK [2][-]{subsection.8.7}{\376\377\000T\000h\000e\000\040\000K\000n\000o\000w\000l\000e\000d\000g\000e\000-\000B\000a\000s\000e\000d\000\040\000V\000i\000e\000w}{section.8}% 82
\BOOKMARK [2][-]{subsection.8.8}{\376\377\000L\000e\000a\000r\000n\000i\000n\000g\000\040\000N\000e\000w\000\040\000C\000o\000n\000c\000e\000p\000t\000s}{section.8}% 83
\BOOKMARK [3][-]{subsubsection.8.8.1}{\376\377\000L\000e\000a\000r\000n\000i\000n\000g\000\040\000S\000t\000r\000a\000t\000e\000g\000i\000e\000s}{subsection.8.8}% 84
\BOOKMARK [3][-]{subsubsection.8.8.2}{\376\377\000I\000m\000p\000l\000i\000c\000i\000t\000\040\000L\000e\000a\000r\000n\000i\000n\000g}{subsection.8.8}% 85
\BOOKMARK [2][-]{subsection.8.9}{\376\377\000H\000o\000w\000\040\000C\000o\000n\000c\000e\000p\000t\000s\000\040\000\046\000\040\000C\000a\000t\000e\000g\000o\000r\000i\000z\000a\000t\000i\000o\000n\000\040\000M\000a\000y\000\040\000W\000o\000r\000k\000\040\000i\000n\000\040\000t\000h\000e\000\040\000B\000r\000a\000i\000n}{section.8}% 86
\BOOKMARK [1][-]{section.9}{\376\377\000V\000i\000s\000u\000a\000l\000\040\000I\000m\000a\000g\000e\000r\000y}{}% 87
\BOOKMARK [2][-]{subsection.9.1}{\376\377\000V\000i\000s\000u\000a\000l\000\040\000I\000m\000a\000g\000e\000r\000y\000\040\000a\000n\000d\000\040\000M\000e\000m\000o\000r\000y}{section.9}% 88
\BOOKMARK [2][-]{subsection.9.2}{\376\377\000M\000e\000n\000t\000a\000l\000\040\000R\000o\000t\000a\000t\000i\000o\000n}{section.9}% 89
\BOOKMARK [2][-]{subsection.9.3}{\376\377\000I\000m\000a\000g\000e\000\040\000S\000c\000a\000n\000n\000i\000n\000g}{section.9}% 90
\BOOKMARK [2][-]{subsection.9.4}{\376\377\000P\000r\000o\000p\000e\000r\000t\000i\000e\000s\000\040\000o\000f\000\040\000M\000e\000n\000t\000a\000l\000\040\000I\000m\000a\000g\000e\000s}{section.9}% 91
\BOOKMARK [2][-]{subsection.9.5}{\376\377\000T\000h\000e\000\040\000I\000m\000a\000g\000e\000r\000y\000\040\000D\000e\000b\000a\000t\000e}{section.9}% 92
\BOOKMARK [2][-]{subsection.9.6}{\376\377\000T\000h\000e\000\040\000I\000m\000a\000g\000i\000n\000g\000\040\000B\000r\000a\000i\000n}{section.9}% 93
\BOOKMARK [1][-]{section.10}{\376\377\000L\000a\000n\000g\000u\000a\000g\000e}{}% 94
\BOOKMARK [2][-]{subsection.10.1}{\376\377\000W\000h\000a\000t\000\040\000i\000s\000\040\000L\000a\000n\000g\000u\000a\000g\000e\000?}{section.10}% 95
\BOOKMARK [3][-]{subsubsection.10.1.1}{\376\377\000C\000h\000a\000r\000a\000c\000t\000e\000r\000i\000s\000t\000i\000c\000s\000\040\000o\000f\000\040\000L\000a\000n\000g\000u\000a\000g\000e}{subsection.10.1}% 96
\BOOKMARK [3][-]{subsubsection.10.1.2}{\376\377\000S\000t\000r\000u\000c\000t\000u\000r\000e\000\040\000o\000f\000\040\000L\000a\000n\000g\000u\000a\000g\000e}{subsection.10.1}% 97
\BOOKMARK [2][-]{subsection.10.2}{\376\377\000S\000p\000e\000e\000c\000h\000\040\000P\000e\000r\000c\000e\000p\000t\000i\000o\000n}{section.10}% 98
\BOOKMARK [2][-]{subsection.10.3}{\376\377\000L\000a\000n\000g\000u\000a\000g\000e\000\040\000\046\000\040\000C\000o\000g\000n\000i\000t\000i\000o\000n}{section.10}% 99
\BOOKMARK [3][-]{subsubsection.10.3.1}{\376\377\000T\000h\000e\000\040\000W\000h\000o\000r\000f\000i\000a\000n\000\040\000H\000y\000p\000o\000t\000h\000e\000s\000i\000s}{subsection.10.3}% 100
\BOOKMARK [3][-]{subsubsection.10.3.2}{\376\377\000T\000h\000e\000\040\000M\000o\000d\000u\000l\000a\000r\000i\000t\000y\000\040\000H\000y\000p\000o\000t\000h\000e\000s\000i\000s}{subsection.10.3}% 101
\BOOKMARK [2][-]{subsection.10.4}{\376\377\000N\000e\000u\000r\000o\000p\000s\000y\000c\000h\000o\000l\000o\000g\000i\000c\000a\000l\000\040\000V\000i\000e\000w\000s}{section.10}% 102
\BOOKMARK [1][-]{section.11}{\376\377\000T\000h\000i\000n\000k\000i\000n\000g\000\040\000\046\000\040\000P\000r\000o\000b\000l\000e\000m\000\040\000S\000o\000l\000v\000i\000n\000g}{}% 103
\BOOKMARK [2][-]{subsection.11.1}{\376\377\000W\000h\000a\000t\000\040\000i\000s\000\040\000T\000h\000i\000n\000k\000i\000n\000g\000?}{section.11}% 104
\BOOKMARK [2][-]{subsection.11.2}{\376\377\000P\000r\000o\000b\000l\000e\000m\000\040\000S\000o\000l\000v\000i\000n\000g\000\040\000T\000e\000c\000h\000n\000i\000q\000u\000e\000s}{section.11}% 105
\BOOKMARK [3][-]{subsubsection.11.2.1}{\376\377\000G\000e\000n\000e\000r\000a\000t\000e\000\040\000a\000n\000d\000\040\000T\000e\000s\000t}{subsection.11.2}% 106
\BOOKMARK [3][-]{subsubsection.11.2.2}{\376\377\000M\000e\000a\000n\000s\000-\000E\000n\000d\000s\000\040\000A\000n\000a\000l\000y\000s\000i\000s}{subsection.11.2}% 107
\BOOKMARK [3][-]{subsubsection.11.2.3}{\376\377\000W\000o\000r\000k\000i\000n\000g\000\040\000B\000a\000c\000k\000w\000a\000r\000d\000s}{subsection.11.2}% 108
\BOOKMARK [3][-]{subsubsection.11.2.4}{\376\377\000B\000a\000c\000k\000t\000r\000a\000c\000k\000i\000n\000g}{subsection.11.2}% 109
\BOOKMARK [3][-]{subsubsection.11.2.5}{\376\377\000R\000e\000a\000s\000o\000n\000i\000n\000g\000\040\000b\000y\000\040\000A\000n\000a\000l\000o\000g\000y}{subsection.11.2}% 110
\BOOKMARK [2][-]{subsection.11.3}{\376\377\000B\000l\000o\000c\000k\000s\000\040\000i\000n\000\040\000P\000r\000o\000b\000l\000e\000m\000\040\000S\000o\000l\000v\000i\000n\000g}{section.11}% 111
\BOOKMARK [3][-]{subsubsection.11.3.1}{\376\377\000M\000e\000n\000t\000a\000l\000\040\000S\000e\000t}{subsection.11.3}% 112
\BOOKMARK [3][-]{subsubsection.11.3.2}{\376\377\000U\000s\000i\000n\000g\000\040\000I\000n\000c\000o\000m\000p\000l\000e\000t\000e\000\040\000o\000r\000\040\000I\000n\000c\000o\000r\000r\000e\000c\000t\000\040\000R\000e\000p\000r\000e\000s\000e\000n\000t\000a\000t\000i\000o\000n\000s}{subsection.11.3}% 113
\BOOKMARK [3][-]{subsubsection.11.3.3}{\376\377\000L\000a\000c\000k\000\040\000o\000f\000\040\000P\000r\000o\000b\000l\000e\000m\000-\000S\000p\000e\000c\000i\000f\000i\000c\000\040\000K\000n\000o\000w\000l\000e\000d\000g\000e\000\040\000o\000r\000\040\000E\000x\000p\000e\000r\000t\000i\000s\000e}{subsection.11.3}% 114
\BOOKMARK [1][-]{section.12}{\376\377\000D\000e\000c\000i\000s\000i\000o\000n\000\040\000M\000a\000k\000i\000n\000g}{}% 115
\BOOKMARK [2][-]{subsection.12.1}{\376\377\000W\000h\000a\000t\000\040\000i\000s\000\040\000D\000e\000c\000i\000s\000i\000o\000n\000\040\000M\000a\000k\000i\000n\000g\000?}{section.12}% 116
\BOOKMARK [2][-]{subsection.12.2}{\376\377\000S\000o\000u\000r\000c\000e\000s\000\040\000o\000f\000\040\000D\000e\000c\000i\000s\000i\000o\000n\000\040\000D\000i\000f\000f\000i\000c\000u\000l\000t\000y}{section.12}% 117
\BOOKMARK [2][-]{subsection.12.3}{\376\377\000H\000e\000u\000r\000i\000s\000t\000i\000c\000s\000\040\000i\000n\000\040\000D\000e\000c\000i\000s\000i\000o\000n\000\040\000M\000a\000k\000i\000n\000g}{section.12}% 118
\BOOKMARK [3][-]{subsubsection.12.3.1}{\376\377\000A\000v\000a\000i\000l\000a\000b\000i\000l\000i\000t\000y}{subsection.12.3}% 119
\BOOKMARK [3][-]{subsubsection.12.3.2}{\376\377\000R\000e\000p\000r\000e\000s\000e\000n\000t\000a\000t\000i\000v\000e\000n\000e\000s\000s}{subsection.12.3}% 120
\BOOKMARK [3][-]{subsubsection.12.3.3}{\376\377\000A\000n\000c\000h\000o\000r\000i\000n\000g}{subsection.12.3}% 121
\BOOKMARK [3][-]{subsubsection.12.3.4}{\376\377\000I\000l\000l\000u\000s\000o\000r\000y\000\040\000C\000o\000r\000r\000e\000l\000a\000t\000i\000o\000n}{subsection.12.3}% 122
\BOOKMARK [3][-]{subsubsection.12.3.5}{\376\377\000C\000o\000n\000f\000i\000r\000m\000a\000t\000i\000o\000n\000\040\000B\000i\000a\000s}{subsection.12.3}% 123
\BOOKMARK [2][-]{subsection.12.4}{\376\377\000D\000e\000c\000i\000s\000i\000o\000n\000\040\000M\000a\000k\000i\000n\000g\000\040\000i\000n\000\040\000t\000h\000e\000\040\000B\000r\000a\000i\000n}{section.12}% 124
\BOOKMARK [3][-]{subsubsection.12.4.1}{\376\377\000D\000e\000c\000i\000s\000i\000o\000n\000\040\000M\000a\000k\000i\000n\000g\000\040\000i\000n\000\040\000t\000h\000e\000\040\000S\000p\000l\000i\000t\000\040\000B\000r\000a\000i\000n}{subsection.12.4}% 125
\BOOKMARK [3][-]{subsubsection.12.4.2}{\376\377\000D\000e\000c\000i\000s\000i\000o\000n\000\040\000M\000a\000k\000i\000n\000g\000,\000\040\000E\000m\000o\000t\000i\000o\000n\000,\000\040\000a\000n\000d\000\040\000t\000h\000e\000\040\000B\000r\000a\000i\000n}{subsection.12.4}% 126
\BOOKMARK [1][-]{section.13}{\376\377\000I\000n\000d\000i\000v\000i\000d\000u\000a\000l\000\040\000D\000i\000f\000f\000e\000r\000e\000n\000c\000e\000s}{}% 127
\BOOKMARK [2][-]{subsection.13.1}{\376\377\000A\000g\000i\000n\000g}{section.13}% 128
\BOOKMARK [2][-]{subsection.13.2}{\376\377\000S\000e\000x\000\040\000D\000i\000f\000f\000e\000r\000e\000n\000c\000e\000s}{section.13}% 129
\BOOKMARK [1][-]{section.14}{\376\377\000T\000h\000e\000\040\000B\000i\000g\000\040\000P\000i\000c\000t\000u\000r\000e\000,\000\040\000a\000n\000d\000\040\000F\000u\000t\000u\000r\000e\000\040\000D\000i\000r\000e\000c\000t\000i\000o\000n\000s}{}% 130
